{"C:\\desarrollo\\assigment-xplora\\mocks\\booking.mock.ts": {"path":"C:\\desarrollo\\assigment-xplora\\mocks\\booking.mock.ts","statementMap":{"0":{"start":{"line":1,"column":20},"end":{"line":9,"column":2}},"1":{"start":{"line":11,"column":0},"end":{"line":11,"column":null}}},"fnMap":{},"branchMap":{},"s":{"0":1,"1":1},"f":{},"b":{}}
,"C:\\desarrollo\\assigment-xplora\\mocks\\hotel.mock.ts": {"path":"C:\\desarrollo\\assigment-xplora\\mocks\\hotel.mock.ts","statementMap":{"0":{"start":{"line":1,"column":18},"end":{"line":29,"column":2}},"1":{"start":{"line":31,"column":0},"end":{"line":31,"column":25}}},"fnMap":{},"branchMap":{},"s":{"0":1,"1":1},"f":{},"b":{}}
,"C:\\desarrollo\\assigment-xplora\\src\\routes.ts": {"path":"C:\\desarrollo\\assigment-xplora\\src\\routes.ts","statementMap":{"0":{"start":{"line":1,"column":0},"end":{"line":1,"column":30}},"1":{"start":{"line":2,"column":0},"end":{"line":2,"column":25}},"2":{"start":{"line":3,"column":0},"end":{"line":3,"column":67}},"3":{"start":{"line":4,"column":0},"end":{"line":4,"column":24}},"4":{"start":{"line":6,"column":12},"end":{"line":6,"column":21}},"5":{"start":{"line":7,"column":0},"end":{"line":7,"column":null}},"6":{"start":{"line":8,"column":0},"end":{"line":8,"column":null}},"7":{"start":{"line":10,"column":0},"end":{"line":10,"column":55}},"8":{"start":{"line":11,"column":0},"end":{"line":11,"column":null}},"9":{"start":{"line":13,"column":0},"end":{"line":13,"column":19}}},"fnMap":{},"branchMap":{},"s":{"0":2,"1":2,"2":2,"3":2,"4":2,"5":2,"6":2,"7":2,"8":2,"9":2},"f":{},"b":{}}
,"C:\\desarrollo\\assigment-xplora\\src\\controllers\\BookingController.ts": {"path":"C:\\desarrollo\\assigment-xplora\\src\\controllers\\BookingController.ts","statementMap":{"0":{"start":{"line":3,"column":0},"end":{"line":3,"column":68}},"1":{"start":{"line":4,"column":0},"end":{"line":4,"column":57}},"2":{"start":{"line":5,"column":0},"end":{"line":5,"column":64}},"3":{"start":{"line":9,"column":8},"end":{"line":27,"column":9}},"4":{"start":{"line":10,"column":35},"end":{"line":10,"column":64}},"5":{"start":{"line":11,"column":12},"end":{"line":13,"column":13}},"6":{"start":{"line":12,"column":16},"end":{"line":12,"column":null}},"7":{"start":{"line":14,"column":28},"end":{"line":14,"column":78}},"8":{"start":{"line":15,"column":12},"end":{"line":15,"column":30}},"9":{"start":{"line":17,"column":30},"end":{"line":17,"column":33}},"10":{"start":{"line":18,"column":31},"end":{"line":18,"column":49}},"11":{"start":{"line":19,"column":12},"end":{"line":22,"column":13}},"12":{"start":{"line":20,"column":16},"end":{"line":20,"column":34}},"13":{"start":{"line":21,"column":16},"end":{"line":21,"column":41}},"14":{"start":{"line":23,"column":12},"end":{"line":26,"column":null}},"15":{"start":{"line":7,"column":0},"end":{"line":7,"column":21}}},"fnMap":{"0":{"name":"(anonymous_8)","decl":{"start":{"line":8,"column":4},"end":{"line":8,"column":10}},"loc":{"start":{"line":8,"column":51},"end":{"line":28,"column":null}}}},"branchMap":{"0":{"loc":{"start":{"line":11,"column":12},"end":{"line":13,"column":13}},"type":"if","locations":[{"start":{"line":11,"column":12},"end":{"line":13,"column":13}}]},"1":{"loc":{"start":{"line":19,"column":12},"end":{"line":22,"column":13}},"type":"if","locations":[{"start":{"line":19,"column":12},"end":{"line":22,"column":13}}]}},"s":{"0":2,"1":2,"2":2,"3":2,"4":2,"5":2,"6":1,"7":1,"8":1,"9":1,"10":1,"11":1,"12":1,"13":1,"14":1,"15":2},"f":{"0":2},"b":{"0":[1],"1":[1]}}
,"C:\\desarrollo\\assigment-xplora\\src\\controllers\\HotelController.ts": {"path":"C:\\desarrollo\\assigment-xplora\\src\\controllers\\HotelController.ts","statementMap":{"0":{"start":{"line":2,"column":0},"end":{"line":2,"column":74}},"1":{"start":{"line":3,"column":0},"end":{"line":3,"column":88}},"2":{"start":{"line":4,"column":0},"end":{"line":4,"column":64}},"3":{"start":{"line":13,"column":4},"end":{"line":35,"column":5}},"4":{"start":{"line":15,"column":8},"end":{"line":15,"column":52}},"5":{"start":{"line":16,"column":6},"end":{"line":16,"column":null}},"6":{"start":{"line":16,"column":32},"end":{"line":16,"column":null}},"7":{"start":{"line":17,"column":27},"end":{"line":19,"column":null}},"8":{"start":{"line":21,"column":6},"end":{"line":21,"column":29}},"9":{"start":{"line":23,"column":25},"end":{"line":23,"column":28}},"10":{"start":{"line":24,"column":27},"end":{"line":24,"column":45}},"11":{"start":{"line":25,"column":6},"end":{"line":30,"column":7}},"12":{"start":{"line":28,"column":8},"end":{"line":28,"column":25}},"13":{"start":{"line":29,"column":8},"end":{"line":29,"column":33}},"14":{"start":{"line":31,"column":6},"end":{"line":34,"column":9}},"15":{"start":{"line":11,"column":0},"end":{"line":11,"column":21}}},"fnMap":{"0":{"name":"(anonymous_8)","decl":{"start":{"line":12,"column":2},"end":{"line":12,"column":8}},"loc":{"start":{"line":12,"column":55},"end":{"line":36,"column":null}}}},"branchMap":{"0":{"loc":{"start":{"line":16,"column":6},"end":{"line":16,"column":null}},"type":"if","locations":[{"start":{"line":16,"column":6},"end":{"line":16,"column":null}}]},"1":{"loc":{"start":{"line":16,"column":9},"end":{"line":16,"column":30}},"type":"binary-expr","locations":[{"start":{"line":16,"column":9},"end":{"line":16,"column":17}},{"start":{"line":16,"column":21},"end":{"line":16,"column":30}}]},"2":{"loc":{"start":{"line":25,"column":6},"end":{"line":30,"column":7}},"type":"if","locations":[{"start":{"line":25,"column":6},"end":{"line":30,"column":7}}]},"3":{"loc":{"start":{"line":26,"column":8},"end":{"line":27,"column":40}},"type":"binary-expr","locations":[{"start":{"line":26,"column":8},"end":{"line":26,"column":52}},{"start":{"line":27,"column":8},"end":{"line":27,"column":40}}]}},"s":{"0":2,"1":2,"2":2,"3":3,"4":3,"5":3,"6":1,"7":2,"8":1,"9":2,"10":2,"11":2,"12":2,"13":2,"14":2,"15":2},"f":{"0":3},"b":{"0":[1],"1":[3,2],"2":[2],"3":[2,1]}}
,"C:\\desarrollo\\assigment-xplora\\src\\controllers\\index.ts": {"path":"C:\\desarrollo\\assigment-xplora\\src\\controllers\\index.ts","statementMap":{"0":{"start":{"line":1,"column":0},"end":{"line":1,"column":7}},"1":{"start":{"line":4,"column":8},"end":{"line":1,"column":52}},"2":{"start":{"line":2,"column":0},"end":{"line":2,"column":7}},"3":{"start":{"line":4,"column":27},"end":{"line":2,"column":48}}},"fnMap":{},"branchMap":{},"s":{"0":2,"1":2,"2":2,"3":2},"f":{},"b":{}}
,"C:\\desarrollo\\assigment-xplora\\src\\db\\connection.ts": {"path":"C:\\desarrollo\\assigment-xplora\\src\\db\\connection.ts","statementMap":{"0":{"start":{"line":2,"column":0},"end":{"line":2,"column":49}},"1":{"start":{"line":3,"column":0},"end":{"line":3,"column":68}},"2":{"start":{"line":6,"column":19},"end":{"line":14,"column":2}},"3":{"start":{"line":15,"column":0},"end":{"line":15,"column":65}},"4":{"start":{"line":18,"column":0},"end":{"line":18,"column":26}}},"fnMap":{},"branchMap":{},"s":{"0":2,"1":2,"2":2,"3":2,"4":2},"f":{},"b":{}}
,"C:\\desarrollo\\assigment-xplora\\src\\db\\models\\Address.ts": {"path":"C:\\desarrollo\\assigment-xplora\\src\\db\\models\\Address.ts","statementMap":{"0":{"start":{"line":1,"column":0},"end":{"line":1,"column":82}},"1":{"start":{"line":11,"column":0},"end":{"line":24,"column":null}},"2":{"start":{"line":14,"column":2},"end":{"line":14,"column":null}},"3":{"start":{"line":17,"column":2},"end":{"line":17,"column":null}},"4":{"start":{"line":20,"column":2},"end":{"line":20,"column":null}},"5":{"start":{"line":23,"column":2},"end":{"line":23,"column":null}},"6":{"start":{"line":11,"column":6},"end":{"line":24,"column":null}},"7":{"start":{"line":26,"column":0},"end":{"line":26,"column":23}}},"fnMap":{},"branchMap":{},"s":{"0":2,"1":2,"2":2,"3":2,"4":2,"5":2,"6":2,"7":2},"f":{},"b":{}}
,"C:\\desarrollo\\assigment-xplora\\src\\db\\models\\Booking.ts": {"path":"C:\\desarrollo\\assigment-xplora\\src\\db\\models\\Booking.ts","statementMap":{"0":{"start":{"line":1,"column":0},"end":{"line":1,"column":109}},"1":{"start":{"line":11,"column":0},"end":{"line":28,"column":null}},"2":{"start":{"line":15,"column":2},"end":{"line":15,"column":null}},"3":{"start":{"line":18,"column":2},"end":{"line":18,"column":null}},"4":{"start":{"line":21,"column":2},"end":{"line":21,"column":null}},"5":{"start":{"line":24,"column":2},"end":{"line":24,"column":null}},"6":{"start":{"line":27,"column":2},"end":{"line":27,"column":null}},"7":{"start":{"line":11,"column":6},"end":{"line":28,"column":null}},"8":{"start":{"line":30,"column":0},"end":{"line":30,"column":23}}},"fnMap":{},"branchMap":{},"s":{"0":2,"1":2,"2":2,"3":2,"4":2,"5":2,"6":2,"7":2,"8":2},"f":{},"b":{}}
,"C:\\desarrollo\\assigment-xplora\\src\\db\\models\\Hotel.ts": {"path":"C:\\desarrollo\\assigment-xplora\\src\\db\\models\\Hotel.ts","statementMap":{"0":{"start":{"line":1,"column":0},"end":{"line":1,"column":120}},"1":{"start":{"line":3,"column":0},"end":{"line":3,"column":32}},"2":{"start":{"line":4,"column":0},"end":{"line":4,"column":26}},"3":{"start":{"line":5,"column":0},"end":{"line":5,"column":37}},"4":{"start":{"line":16,"column":0},"end":{"line":45,"column":null}},"5":{"start":{"line":19,"column":2},"end":{"line":19,"column":null}},"6":{"start":{"line":22,"column":2},"end":{"line":22,"column":null}},"7":{"start":{"line":25,"column":2},"end":{"line":25,"column":null}},"8":{"start":{"line":28,"column":2},"end":{"line":28,"column":null}},"9":{"start":{"line":31,"column":2},"end":{"line":31,"column":null}},"10":{"start":{"line":34,"column":2},"end":{"line":34,"column":null}},"11":{"start":{"line":38,"column":2},"end":{"line":38,"column":null}},"12":{"start":{"line":36,"column":20},"end":{"line":36,"column":27}},"13":{"start":{"line":41,"column":2},"end":{"line":41,"column":null}},"14":{"start":{"line":40,"column":23},"end":{"line":40,"column":27}},"15":{"start":{"line":40,"column":35},"end":{"line":40,"column":44}},"16":{"start":{"line":44,"column":2},"end":{"line":44,"column":null}},"17":{"start":{"line":43,"column":19},"end":{"line":43,"column":26}},"18":{"start":{"line":16,"column":6},"end":{"line":45,"column":null}},"19":{"start":{"line":47,"column":0},"end":{"line":47,"column":21}}},"fnMap":{"0":{"name":"(anonymous_3)","decl":{"start":{"line":36,"column":14},"end":{"line":36,"column":17}},"loc":{"start":{"line":36,"column":20},"end":{"line":36,"column":27}}},"1":{"name":"(anonymous_4)","decl":{"start":{"line":40,"column":17},"end":{"line":40,"column":20}},"loc":{"start":{"line":40,"column":23},"end":{"line":40,"column":27}}},"2":{"name":"(anonymous_5)","decl":{"start":{"line":40,"column":29},"end":{"line":40,"column":32}},"loc":{"start":{"line":40,"column":35},"end":{"line":40,"column":44}}},"3":{"name":"(anonymous_6)","decl":{"start":{"line":43,"column":13},"end":{"line":43,"column":16}},"loc":{"start":{"line":43,"column":19},"end":{"line":43,"column":26}}}},"branchMap":{},"s":{"0":2,"1":2,"2":2,"3":2,"4":2,"5":2,"6":2,"7":2,"8":2,"9":2,"10":2,"11":2,"12":0,"13":2,"14":6,"15":2,"16":2,"17":6,"18":2,"19":2},"f":{"0":0,"1":6,"2":2,"3":6},"b":{}}
,"C:\\desarrollo\\assigment-xplora\\src\\db\\models\\Hotel_room.ts": {"path":"C:\\desarrollo\\assigment-xplora\\src\\db\\models\\Hotel_room.ts","statementMap":{"0":{"start":{"line":1,"column":0},"end":{"line":1,"column":105}},"1":{"start":{"line":3,"column":0},"end":{"line":3,"column":28}},"2":{"start":{"line":4,"column":0},"end":{"line":4,"column":26}},"3":{"start":{"line":18,"column":0},"end":{"line":30,"column":null}},"4":{"start":{"line":21,"column":2},"end":{"line":21,"column":null}},"5":{"start":{"line":25,"column":2},"end":{"line":25,"column":null}},"6":{"start":{"line":23,"column":20},"end":{"line":23,"column":25}},"7":{"start":{"line":29,"column":2},"end":{"line":29,"column":null}},"8":{"start":{"line":27,"column":20},"end":{"line":27,"column":24}},"9":{"start":{"line":18,"column":6},"end":{"line":30,"column":null}},"10":{"start":{"line":32,"column":0},"end":{"line":32,"column":25}}},"fnMap":{"0":{"name":"(anonymous_3)","decl":{"start":{"line":23,"column":14},"end":{"line":23,"column":17}},"loc":{"start":{"line":23,"column":20},"end":{"line":23,"column":25}}},"1":{"name":"(anonymous_4)","decl":{"start":{"line":27,"column":14},"end":{"line":27,"column":17}},"loc":{"start":{"line":27,"column":20},"end":{"line":27,"column":24}}}},"branchMap":{},"s":{"0":2,"1":2,"2":2,"3":2,"4":2,"5":2,"6":6,"7":2,"8":2,"9":2,"10":2},"f":{"0":6,"1":2},"b":{}}
,"C:\\desarrollo\\assigment-xplora\\src\\db\\models\\Room.ts": {"path":"C:\\desarrollo\\assigment-xplora\\src\\db\\models\\Room.ts","statementMap":{"0":{"start":{"line":1,"column":0},"end":{"line":1,"column":82}},"1":{"start":{"line":11,"column":0},"end":{"line":30,"column":null}},"2":{"start":{"line":14,"column":2},"end":{"line":14,"column":null}},"3":{"start":{"line":17,"column":2},"end":{"line":17,"column":null}},"4":{"start":{"line":20,"column":2},"end":{"line":20,"column":null}},"5":{"start":{"line":23,"column":2},"end":{"line":23,"column":null}},"6":{"start":{"line":26,"column":2},"end":{"line":26,"column":null}},"7":{"start":{"line":29,"column":2},"end":{"line":29,"column":null}},"8":{"start":{"line":11,"column":6},"end":{"line":30,"column":null}},"9":{"start":{"line":32,"column":0},"end":{"line":32,"column":20}}},"fnMap":{},"branchMap":{},"s":{"0":2,"1":2,"2":2,"3":2,"4":2,"5":2,"6":2,"7":2,"8":2,"9":2},"f":{},"b":{}}
,"C:\\desarrollo\\assigment-xplora\\src\\db\\models\\index.ts": {"path":"C:\\desarrollo\\assigment-xplora\\src\\db\\models\\index.ts","statementMap":{"0":{"start":{"line":1,"column":0},"end":{"line":1,"column":7}},"1":{"start":{"line":7,"column":9},"end":{"line":1,"column":27}},"2":{"start":{"line":2,"column":0},"end":{"line":2,"column":7}},"3":{"start":{"line":7,"column":16},"end":{"line":2,"column":31}},"4":{"start":{"line":3,"column":0},"end":{"line":3,"column":7}},"5":{"start":{"line":7,"column":25},"end":{"line":3,"column":25}},"6":{"start":{"line":4,"column":0},"end":{"line":4,"column":7}},"7":{"start":{"line":7,"column":31},"end":{"line":4,"column":36}},"8":{"start":{"line":5,"column":0},"end":{"line":5,"column":7}},"9":{"start":{"line":7,"column":42},"end":{"line":5,"column":31}}},"fnMap":{},"branchMap":{},"s":{"0":2,"1":2,"2":2,"3":2,"4":2,"5":2,"6":2,"7":2,"8":2,"9":2},"f":{},"b":{}}
,"C:\\desarrollo\\assigment-xplora\\src\\errors\\CheckInGreaterThanCheckOutError.ts": {"path":"C:\\desarrollo\\assigment-xplora\\src\\errors\\CheckInGreaterThanCheckOutError.ts","statementMap":{"0":{"start":{"line":3,"column":8},"end":{"line":3,"column":null}},"1":{"start":{"line":1,"column":0},"end":{"line":1,"column":21}}},"fnMap":{"0":{"name":"(anonymous_0)","decl":{"start":{"line":2,"column":4},"end":{"line":2,"column":null}},"loc":{"start":{"line":2,"column":4},"end":{"line":4,"column":5}}}},"branchMap":{},"s":{"0":1,"1":2},"f":{"0":1},"b":{}}
,"C:\\desarrollo\\assigment-xplora\\src\\errors\\EmailMalformedError.ts": {"path":"C:\\desarrollo\\assigment-xplora\\src\\errors\\EmailMalformedError.ts","statementMap":{"0":{"start":{"line":3,"column":8},"end":{"line":3,"column":null}},"1":{"start":{"line":1,"column":0},"end":{"line":1,"column":21}}},"fnMap":{"0":{"name":"(anonymous_0)","decl":{"start":{"line":2,"column":4},"end":{"line":2,"column":null}},"loc":{"start":{"line":2,"column":4},"end":{"line":4,"column":5}}}},"branchMap":{},"s":{"0":1,"1":2},"f":{"0":1},"b":{}}
,"C:\\desarrollo\\assigment-xplora\\src\\errors\\NoDateProvidedError.ts": {"path":"C:\\desarrollo\\assigment-xplora\\src\\errors\\NoDateProvidedError.ts","statementMap":{"0":{"start":{"line":3,"column":8},"end":{"line":3,"column":null}},"1":{"start":{"line":1,"column":0},"end":{"line":1,"column":21}}},"fnMap":{"0":{"name":"(anonymous_0)","decl":{"start":{"line":2,"column":4},"end":{"line":2,"column":null}},"loc":{"start":{"line":2,"column":4},"end":{"line":4,"column":5}}}},"branchMap":{},"s":{"0":1,"1":2},"f":{"0":1},"b":{}}
,"C:\\desarrollo\\assigment-xplora\\src\\helpers\\hotelHelper.ts": {"path":"C:\\desarrollo\\assigment-xplora\\src\\helpers\\hotelHelper.ts","statementMap":{"0":{"start":{"line":6,"column":8},"end":{"line":16,"column":null}},"1":{"start":{"line":7,"column":32},"end":{"line":7,"column":43}},"2":{"start":{"line":8,"column":12},"end":{"line":12,"column":13}},"3":{"start":{"line":9,"column":16},"end":{"line":11,"column":19}},"4":{"start":{"line":10,"column":20},"end":{"line":10,"column":null}},"5":{"start":{"line":10,"column":69},"end":{"line":10,"column":101}},"6":{"start":{"line":13,"column":12},"end":{"line":15,"column":13}},"7":{"start":{"line":14,"column":16},"end":{"line":14,"column":null}},"8":{"start":{"line":19,"column":8},"end":{"line":27,"column":null}},"9":{"start":{"line":30,"column":8},"end":{"line":39,"column":null}},"10":{"start":{"line":31,"column":12},"end":{"line":38,"column":null}},"11":{"start":{"line":3,"column":0},"end":{"line":3,"column":21}}},"fnMap":{"0":{"name":"(anonymous_0)","decl":{"start":{"line":5,"column":4},"end":{"line":5,"column":10}},"loc":{"start":{"line":5,"column":80},"end":{"line":17,"column":5}}},"1":{"name":"(anonymous_1)","decl":{"start":{"line":6,"column":26},"end":{"line":6,"column":31}},"loc":{"start":{"line":6,"column":34},"end":{"line":16,"column":9}}},"2":{"name":"(anonymous_2)","decl":{"start":{"line":9,"column":51},"end":{"line":9,"column":55}},"loc":{"start":{"line":9,"column":58},"end":{"line":11,"column":17}}},"3":{"name":"(anonymous_3)","decl":{"start":{"line":10,"column":58},"end":{"line":10,"column":65}},"loc":{"start":{"line":10,"column":69},"end":{"line":10,"column":101}}},"4":{"name":"(anonymous_4)","decl":{"start":{"line":18,"column":12},"end":{"line":18,"column":18}},"loc":{"start":{"line":18,"column":67},"end":{"line":28,"column":5}}},"5":{"name":"(anonymous_5)","decl":{"start":{"line":29,"column":12},"end":{"line":29,"column":18}},"loc":{"start":{"line":29,"column":53},"end":{"line":41,"column":5}}},"6":{"name":"(anonymous_6)","decl":{"start":{"line":30,"column":25},"end":{"line":30,"column":29}},"loc":{"start":{"line":30,"column":32},"end":{"line":39,"column":9}}}},"branchMap":{"0":{"loc":{"start":{"line":8,"column":12},"end":{"line":12,"column":13}},"type":"if","locations":[{"start":{"line":8,"column":12},"end":{"line":12,"column":13}}]},"1":{"loc":{"start":{"line":13,"column":12},"end":{"line":15,"column":13}},"type":"if","locations":[{"start":{"line":13,"column":12},"end":{"line":15,"column":13}}]}},"s":{"0":1,"1":1,"2":1,"3":1,"4":2,"5":12,"6":1,"7":1,"8":1,"9":1,"10":1,"11":2},"f":{"0":1,"1":1,"2":2,"3":12,"4":1,"5":1,"6":1},"b":{"0":[1],"1":[1]}}
,"C:\\desarrollo\\assigment-xplora\\src\\helpers\\validatorHelper.ts": {"path":"C:\\desarrollo\\assigment-xplora\\src\\helpers\\validatorHelper.ts","statementMap":{"0":{"start":{"line":3,"column":27},"end":{"line":3,"column":55}},"1":{"start":{"line":4,"column":8},"end":{"line":4,"column":38}},"2":{"start":{"line":1,"column":0},"end":{"line":1,"column":21}}},"fnMap":{"0":{"name":"(anonymous_0)","decl":{"start":{"line":2,"column":4},"end":{"line":2,"column":10}},"loc":{"start":{"line":2,"column":38},"end":{"line":5,"column":7}}}},"branchMap":{},"s":{"0":2,"1":2,"2":2},"f":{"0":2},"b":{}}
,"C:\\desarrollo\\assigment-xplora\\src\\infrastructure\\BookingRepository.ts": {"path":"C:\\desarrollo\\assigment-xplora\\src\\infrastructure\\BookingRepository.ts","statementMap":{"0":{"start":{"line":1,"column":0},"end":{"line":1,"column":31}},"1":{"start":{"line":2,"column":0},"end":{"line":2,"column":39}},"2":{"start":{"line":7,"column":25},"end":{"line":18,"column":10}},"3":{"start":{"line":19,"column":8},"end":{"line":19,"column":24}},"4":{"start":{"line":23,"column":22},"end":{"line":23,"column":58}},"5":{"start":{"line":24,"column":6},"end":{"line":24,"column":null}},"6":{"start":{"line":5,"column":0},"end":{"line":5,"column":21}}},"fnMap":{"0":{"name":"(anonymous_7)","decl":{"start":{"line":6,"column":4},"end":{"line":6,"column":10}},"loc":{"start":{"line":6,"column":79},"end":{"line":20,"column":null}}},"1":{"name":"(anonymous_9)","decl":{"start":{"line":22,"column":4},"end":{"line":22,"column":10}},"loc":{"start":{"line":22,"column":57},"end":{"line":25,"column":null}}}},"branchMap":{},"s":{"0":2,"1":2,"2":1,"3":1,"4":1,"5":1,"6":2},"f":{"0":1,"1":1},"b":{}}
,"C:\\desarrollo\\assigment-xplora\\src\\infrastructure\\HotelRepository.ts": {"path":"C:\\desarrollo\\assigment-xplora\\src\\infrastructure\\HotelRepository.ts","statementMap":{"0":{"start":{"line":1,"column":0},"end":{"line":1,"column":52}},"1":{"start":{"line":5,"column":23},"end":{"line":5,"column":71}},"2":{"start":{"line":6,"column":8},"end":{"line":6,"column":22}},"3":{"start":{"line":3,"column":0},"end":{"line":3,"column":21}}},"fnMap":{"0":{"name":"(anonymous_7)","decl":{"start":{"line":4,"column":4},"end":{"line":4,"column":10}},"loc":{"start":{"line":4,"column":27},"end":{"line":7,"column":null}}}},"branchMap":{},"s":{"0":2,"1":1,"2":1,"3":2},"f":{"0":1},"b":{}}
,"C:\\desarrollo\\assigment-xplora\\src\\infrastructure\\index.ts": {"path":"C:\\desarrollo\\assigment-xplora\\src\\infrastructure\\index.ts","statementMap":{"0":{"start":{"line":1,"column":0},"end":{"line":1,"column":7}},"1":{"start":{"line":4,"column":8},"end":{"line":1,"column":52}},"2":{"start":{"line":2,"column":0},"end":{"line":2,"column":7}},"3":{"start":{"line":4,"column":27},"end":{"line":2,"column":48}}},"fnMap":{},"branchMap":{},"s":{"0":2,"1":2,"2":2,"3":2},"f":{},"b":{}}
,"C:\\desarrollo\\assigment-xplora\\src\\useCases\\CreateBookingUseCase.ts": {"path":"C:\\desarrollo\\assigment-xplora\\src\\useCases\\CreateBookingUseCase.ts","statementMap":{"0":{"start":{"line":2,"column":0},"end":{"line":2,"column":54}},"1":{"start":{"line":6,"column":22},"end":{"line":6,"column":68}},"2":{"start":{"line":7,"column":6},"end":{"line":7,"column":21}},"3":{"start":{"line":4,"column":0},"end":{"line":4,"column":21}}},"fnMap":{"0":{"name":"(anonymous_7)","decl":{"start":{"line":5,"column":2},"end":{"line":5,"column":8}},"loc":{"start":{"line":5,"column":56},"end":{"line":8,"column":null}}}},"branchMap":{},"s":{"0":2,"1":1,"2":1,"3":2},"f":{"0":1},"b":{}}
,"C:\\desarrollo\\assigment-xplora\\src\\useCases\\FindAvailabilityUseCase.ts": {"path":"C:\\desarrollo\\assigment-xplora\\src\\useCases\\FindAvailabilityUseCase.ts","statementMap":{"0":{"start":{"line":1,"column":0},"end":{"line":1,"column":88}},"1":{"start":{"line":2,"column":0},"end":{"line":2,"column":48}},"2":{"start":{"line":3,"column":0},"end":{"line":3,"column":70}},"3":{"start":{"line":7,"column":26},"end":{"line":7,"column":53}},"4":{"start":{"line":8,"column":27},"end":{"line":8,"column":55}},"5":{"start":{"line":9,"column":6},"end":{"line":9,"column":null}},"6":{"start":{"line":9,"column":37},"end":{"line":9,"column":null}},"7":{"start":{"line":10,"column":28},"end":{"line":10,"column":56}},"8":{"start":{"line":11,"column":42},"end":{"line":11,"column":111}},"9":{"start":{"line":12,"column":45},"end":{"line":12,"column":108}},"10":{"start":{"line":13,"column":29},"end":{"line":13,"column":91}},"11":{"start":{"line":14,"column":6},"end":{"line":14,"column":null}},"12":{"start":{"line":5,"column":0},"end":{"line":5,"column":21}}},"fnMap":{"0":{"name":"(anonymous_8)","decl":{"start":{"line":6,"column":2},"end":{"line":6,"column":8}},"loc":{"start":{"line":6,"column":56},"end":{"line":15,"column":null}}}},"branchMap":{"0":{"loc":{"start":{"line":9,"column":6},"end":{"line":9,"column":null}},"type":"if","locations":[{"start":{"line":9,"column":6},"end":{"line":9,"column":null}}]}},"s":{"0":2,"1":2,"2":2,"3":2,"4":2,"5":2,"6":1,"7":1,"8":1,"9":1,"10":1,"11":1,"12":2},"f":{"0":2},"b":{"0":[1]}}
}
