TN:
SF:mocks\booking.mock.ts
FNF:0
FNH:0
DA:1,1
DA:11,1
LF:2
LH:2
BRF:0
BRH:0
end_of_record
TN:
SF:mocks\hotel.mock.ts
FNF:0
FNH:0
DA:1,1
DA:31,1
LF:2
LH:2
BRF:0
BRH:0
end_of_record
TN:
SF:src\routes.ts
FNF:0
FNH:0
DA:1,2
DA:2,2
DA:3,2
DA:4,2
DA:6,2
DA:7,2
DA:8,2
DA:10,2
DA:11,2
DA:13,2
LF:10
LH:10
BRF:0
BRH:0
end_of_record
TN:
SF:src\controllers\BookingController.ts
FN:8,(anonymous_8)
FNF:1
FNH:1
FNDA:2,(anonymous_8)
DA:3,2
DA:4,2
DA:5,2
DA:7,2
DA:9,2
DA:10,2
DA:11,2
DA:12,1
DA:14,1
DA:15,1
DA:17,1
DA:18,1
DA:19,1
DA:20,1
DA:21,1
DA:23,1
LF:16
LH:16
BRDA:11,0,0,1
BRDA:19,1,0,1
BRF:2
BRH:2
end_of_record
TN:
SF:src\controllers\HotelController.ts
FN:12,(anonymous_8)
FNF:1
FNH:1
FNDA:3,(anonymous_8)
DA:2,2
DA:3,2
DA:4,2
DA:11,2
DA:13,3
DA:15,3
DA:16,3
DA:17,2
DA:21,1
DA:23,2
DA:24,2
DA:25,2
DA:28,2
DA:29,2
DA:31,2
LF:15
LH:15
BRDA:16,0,0,1
BRDA:16,1,0,3
BRDA:16,1,1,2
BRDA:25,2,0,2
BRDA:26,3,0,2
BRDA:26,3,1,1
BRF:6
BRH:6
end_of_record
TN:
SF:src\controllers\index.ts
FNF:0
FNH:0
DA:1,2
DA:2,2
DA:4,2
LF:3
LH:3
BRF:0
BRH:0
end_of_record
TN:
SF:src\db\connection.ts
FNF:0
FNH:0
DA:2,2
DA:3,2
DA:6,2
DA:15,2
DA:18,2
LF:5
LH:5
BRF:0
BRH:0
end_of_record
TN:
SF:src\db\models\Address.ts
FNF:0
FNH:0
DA:1,2
DA:11,2
DA:14,2
DA:17,2
DA:20,2
DA:23,2
DA:26,2
LF:7
LH:7
BRF:0
BRH:0
end_of_record
TN:
SF:src\db\models\Booking.ts
FNF:0
FNH:0
DA:1,2
DA:11,2
DA:15,2
DA:18,2
DA:21,2
DA:24,2
DA:27,2
DA:30,2
LF:8
LH:8
BRF:0
BRH:0
end_of_record
TN:
SF:src\db\models\Hotel.ts
FN:36,(anonymous_3)
FN:40,(anonymous_4)
FN:40,(anonymous_5)
FN:43,(anonymous_6)
FNF:4
FNH:3
FNDA:0,(anonymous_3)
FNDA:6,(anonymous_4)
FNDA:2,(anonymous_5)
FNDA:6,(anonymous_6)
DA:1,2
DA:3,2
DA:4,2
DA:5,2
DA:16,2
DA:19,2
DA:22,2
DA:25,2
DA:28,2
DA:31,2
DA:34,2
DA:36,0
DA:38,2
DA:40,6
DA:41,2
DA:43,6
DA:44,2
DA:47,2
LF:18
LH:17
BRF:0
BRH:0
end_of_record
TN:
SF:src\db\models\Hotel_room.ts
FN:23,(anonymous_3)
FN:27,(anonymous_4)
FNF:2
FNH:2
FNDA:6,(anonymous_3)
FNDA:2,(anonymous_4)
DA:1,2
DA:3,2
DA:4,2
DA:18,2
DA:21,2
DA:23,6
DA:25,2
DA:27,2
DA:29,2
DA:32,2
LF:10
LH:10
BRF:0
BRH:0
end_of_record
TN:
SF:src\db\models\Room.ts
FNF:0
FNH:0
DA:1,2
DA:11,2
DA:14,2
DA:17,2
DA:20,2
DA:23,2
DA:26,2
DA:29,2
DA:32,2
LF:9
LH:9
BRF:0
BRH:0
end_of_record
TN:
SF:src\db\models\index.ts
FNF:0
FNH:0
DA:1,2
DA:2,2
DA:3,2
DA:4,2
DA:5,2
DA:7,2
LF:6
LH:6
BRF:0
BRH:0
end_of_record
TN:
SF:src\errors\CheckInGreaterThanCheckOutError.ts
FN:2,(anonymous_0)
FNF:1
FNH:1
FNDA:1,(anonymous_0)
DA:1,2
DA:3,1
LF:2
LH:2
BRF:0
BRH:0
end_of_record
TN:
SF:src\errors\EmailMalformedError.ts
FN:2,(anonymous_0)
FNF:1
FNH:1
FNDA:1,(anonymous_0)
DA:1,2
DA:3,1
LF:2
LH:2
BRF:0
BRH:0
end_of_record
TN:
SF:src\errors\NoDateProvidedError.ts
FN:2,(anonymous_0)
FNF:1
FNH:1
FNDA:1,(anonymous_0)
DA:1,2
DA:3,1
LF:2
LH:2
BRF:0
BRH:0
end_of_record
TN:
SF:src\helpers\hotelHelper.ts
FN:5,(anonymous_0)
FN:6,(anonymous_1)
FN:9,(anonymous_2)
FN:10,(anonymous_3)
FN:18,(anonymous_4)
FN:29,(anonymous_5)
FN:30,(anonymous_6)
FNF:7
FNH:7
FNDA:1,(anonymous_0)
FNDA:1,(anonymous_1)
FNDA:2,(anonymous_2)
FNDA:12,(anonymous_3)
FNDA:1,(anonymous_4)
FNDA:1,(anonymous_5)
FNDA:1,(anonymous_6)
DA:3,2
DA:6,1
DA:7,1
DA:8,1
DA:9,1
DA:10,12
DA:13,1
DA:14,1
DA:19,1
DA:30,1
DA:31,1
LF:11
LH:11
BRDA:8,0,0,1
BRDA:13,1,0,1
BRF:2
BRH:2
end_of_record
TN:
SF:src\helpers\validatorHelper.ts
FN:2,(anonymous_0)
FNF:1
FNH:1
FNDA:2,(anonymous_0)
DA:1,2
DA:3,2
DA:4,2
LF:3
LH:3
BRF:0
BRH:0
end_of_record
TN:
SF:src\infrastructure\BookingRepository.ts
FN:6,(anonymous_7)
FN:22,(anonymous_9)
FNF:2
FNH:2
FNDA:1,(anonymous_7)
FNDA:1,(anonymous_9)
DA:1,2
DA:2,2
DA:5,2
DA:7,1
DA:19,1
DA:23,1
DA:24,1
LF:7
LH:7
BRF:0
BRH:0
end_of_record
TN:
SF:src\infrastructure\HotelRepository.ts
FN:4,(anonymous_7)
FNF:1
FNH:1
FNDA:1,(anonymous_7)
DA:1,2
DA:3,2
DA:5,1
DA:6,1
LF:4
LH:4
BRF:0
BRH:0
end_of_record
TN:
SF:src\infrastructure\index.ts
FNF:0
FNH:0
DA:1,2
DA:2,2
DA:4,2
LF:3
LH:3
BRF:0
BRH:0
end_of_record
TN:
SF:src\useCases\CreateBookingUseCase.ts
FN:5,(anonymous_7)
FNF:1
FNH:1
FNDA:1,(anonymous_7)
DA:2,2
DA:4,2
DA:6,1
DA:7,1
LF:4
LH:4
BRF:0
BRH:0
end_of_record
TN:
SF:src\useCases\FindAvailabilityUseCase.ts
FN:6,(anonymous_8)
FNF:1
FNH:1
FNDA:2,(anonymous_8)
DA:1,2
DA:2,2
DA:3,2
DA:5,2
DA:7,2
DA:8,2
DA:9,2
DA:10,1
DA:11,1
DA:12,1
DA:13,1
DA:14,1
LF:12
LH:12
BRDA:9,0,0,1
BRF:1
BRH:1
end_of_record
